{"/Users/leonardoroosevelt/Desktop/Daily-practice/vuetify-practice/clients/src/components/HelloWorld.vue": {"path":"/Users/leonardoroosevelt/Desktop/Daily-practice/vuetify-practice/clients/src/components/HelloWorld.vue","statementMap":{"0":{"start":{"line":30,"column":0},"end":{"line":30,"column":null}}},"fnMap":{"0":{"name":"(anonymous_1)","decl":{"start":{"line":30,"column":0},"end":{"line":30,"column":null}},"loc":{"start":{"line":30,"column":0},"end":{"line":30,"column":null}}}},"branchMap":{},"s":{"0":2},"f":{"0":2},"b":{}}
}
